Flutter crash report.
Please report a bug at https://github.com/flutter/flutter/issues.

## command

flutter analyze

## exception

_Exception: Exception: analysis server exited with code 255 and output:
[stderr] Unhandled exception:
[stderr] PathAccessException: Creation failed, path = '/home/listik/.dartServer' (OS Error: Permission denied, errno = 13)
[stderr] #0      _Directory.createSync (dart:io/directory_impl.dart:145:7)
[stderr] #1      _Directory.createSync (dart:io/directory_impl.dart:140:16)
[stderr] #2      PhysicalResourceProvider.getStateLocation (package:analyzer/file_system/physical_file_system.dart:79:17)
[stderr] #3      Driver._readUuid (package:analysis_server/src/server/driver.dart:698:10)
[stderr] #4      Driver.start (package:analysis_server/src/server/driver.dart:309:13)
[stderr] #5      main (file:///startdir/src/sdk/pkg/analysis_server/bin/server.dart:10:11)
[stderr] #6      _delayEntrypointInvocation.<anonymous closure> (dart:isolate-patch/isolate_patch.dart:312:33)
[stderr] #7      _RawReceivePort._handleMessage (dart:isolate-patch/isolate_patch.dart:193:12)

```
```

## flutter doctor

```
[✓] Flutter (Channel , 3.38.1, on CachyOS 6.19.5-3-cachyos, locale ru_RU.UTF-8) [31ms]
    • Flutter version 3.38.1 on channel  at /usr/lib/flutter
    • Upstream repository https://github.com/flutter/flutter.git
    • Framework revision archlinuxaur (unknown (arch linux aur package)), 2038-01-19 03:14:08
    • Engine revision b5990e5ccc5e
    • Dart version 3.10.1
    • DevTools version 2.51.1
    • Feature flags: enable-web, enable-linux-desktop, enable-macos-desktop, enable-windows-desktop, enable-android, enable-ios, cli-animations, enable-native-assets, omit-legacy-version-file, enable-lldb-debugging

[✗] Android toolchain - develop for Android devices [18ms]
    ✗ Unable to locate Android SDK.
      Install Android Studio from: https://developer.android.com/studio/index.html
      On first launch it will assist you in installing the Android SDK components.
      (or visit https://flutter.dev/to/linux-android-setup for detailed instructions).
      If the Android SDK has been installed to a custom location, please use
      `flutter config --android-sdk` to update to that location.


[✗] Chrome - develop for the web (Cannot find Chrome executable at google-chrome) [11ms]
    ! Cannot find Chrome. Try setting CHROME_EXECUTABLE to a Chrome executable.

[✓] Linux toolchain - develop for Linux desktop [560ms]
    • clang version 21.1.8
    • cmake version 4.2.3
    • ninja version 1.13.2
    • pkg-config version 2.5.1
    • GL_EXT_framebuffer_blit: no
    • GL_EXT_texture_format_BGRA8888: no

[✓] Proxy Configuration [28ms]
    • HTTP_PROXY is set
    • NO_PROXY is 127.0.0.1,::1,localhost
    • NO_PROXY contains localhost
    • NO_PROXY contains 127.0.0.1
    • NO_PROXY contains ::1

[✓] Connected device (1 available) [20ms]
    • Linux (desktop) • linux • linux-x64 • CachyOS 6.19.5-3-cachyos

[!] Network resources [587ms]
    ✗ An HTTP error occurred while checking "https://maven.google.com/": Proxy failed to establish tunnel (403 Forbidden)

! Doctor found issues in 3 categories.
```
